{
  "stats": {
    "suites": 1,
    "tests": 5,
    "passes": 5,
    "pending": 0,
    "failures": 0,
    "start": "2022-06-22T20:52:43.983Z",
    "end": "2022-06-22T20:52:47.318Z",
    "duration": 3335,
    "testsRegistered": 5,
    "passPercent": 100,
    "pendingPercent": 0,
    "other": 0,
    "hasOther": false,
    "skipped": 0,
    "hasSkipped": false
  },
  "results": [
    {
      "uuid": "021c1e66-a0c8-4a65-928c-90bab2634976",
      "title": "",
      "fullFile": "cypress/integration/airbnbExploreNearby.spec.js",
      "file": "cypress/integration/airbnbExploreNearby.spec.js",
      "beforeHooks": [],
      "afterHooks": [],
      "tests": [],
      "suites": [
        {
          "uuid": "efa41cd3-567f-47f3-be78-5d767d731caa",
          "title": "End-to-End test feature \"explore nearby\"",
          "fullFile": "",
          "file": "",
          "beforeHooks": [],
          "afterHooks": [],
          "tests": [
            {
              "title": "scenario I - open portal",
              "fullTitle": "End-to-End test feature \"explore nearby\" scenario I - open portal",
              "timedOut": null,
              "duration": 1702,
              "state": "passed",
              "speed": "fast",
              "pass": true,
              "fail": false,
              "pending": false,
              "context": null,
              "code": "cy.visit('http://35.192.209.229/');\ncy.get('.pt-6 > .text-4xl').should('have.text', 'Explore Nearby');",
              "err": {},
              "uuid": "64c274bd-4170-490f-889c-ffd26549632c",
              "parentUUID": "efa41cd3-567f-47f3-be78-5d767d731caa",
              "isHook": false,
              "skipped": false
            },
            {
              "title": "scenario II - validate nearby list",
              "fullTitle": "End-to-End test feature \"explore nearby\" scenario II - validate nearby list",
              "timedOut": null,
              "duration": 169,
              "state": "passed",
              "speed": "fast",
              "pass": true,
              "fail": false,
              "pending": false,
              "context": null,
              "code": "cy.get('.pt-6 > .grid > :nth-child(1) > :nth-child(2) > h2').should('have.text', 'London');\ncy.get('.pt-6 > .grid > :nth-child(1)').click().as('londonBtn');",
              "err": {},
              "uuid": "c292517a-f4d2-4b79-9c11-ee2c83b8e2dc",
              "parentUUID": "efa41cd3-567f-47f3-be78-5d767d731caa",
              "isHook": false,
              "skipped": false
            },
            {
              "title": "scenario III - validate if london is in URL",
              "fullTitle": "End-to-End test feature \"explore nearby\" scenario III - validate if london is in URL",
              "timedOut": null,
              "duration": 1291,
              "state": "passed",
              "speed": "fast",
              "pass": true,
              "fail": false,
              "pending": false,
              "context": null,
              "code": "cy.location().should(function (location) {\n  expect(location.pathname).contains('london');\n});",
              "err": {},
              "uuid": "c03c50ab-43df-4465-b22e-16416a7aa0d0",
              "parentUUID": "efa41cd3-567f-47f3-be78-5d767d731caa",
              "isHook": false,
              "skipped": false
            },
            {
              "title": "scenario IV - validate if list makes sense with filter applied previously",
              "fullTitle": "End-to-End test feature \"explore nearby\" scenario IV - validate if list makes sense with filter applied previously",
              "timedOut": null,
              "duration": 34,
              "state": "passed",
              "speed": "fast",
              "pass": true,
              "fail": false,
              "pending": false,
              "context": null,
              "code": "cy.get('.text-3xl').should('contain.text', 'London');\ncy.get('.pt-14 > :nth-child(4) > :nth-child(1)').should('contain.text', 'London');",
              "err": {},
              "uuid": "86527f4c-a106-4c34-b682-6ad606ad0c0e",
              "parentUUID": "efa41cd3-567f-47f3-be78-5d767d731caa",
              "isHook": false,
              "skipped": false
            },
            {
              "title": "scenario V - for each item list should be located in london",
              "fullTitle": "End-to-End test feature \"explore nearby\" scenario V - for each item list should be located in london",
              "timedOut": null,
              "duration": 58,
              "state": "passed",
              "speed": "fast",
              "pass": true,
              "fail": false,
              "pending": false,
              "context": null,
              "code": "cy.get('.py-7 > .flex-col > :nth-child(1) > p').should('have.length', 7);",
              "err": {},
              "uuid": "e25ac23c-8b14-489c-a127-3ec59ec76955",
              "parentUUID": "efa41cd3-567f-47f3-be78-5d767d731caa",
              "isHook": false,
              "skipped": false
            }
          ],
          "suites": [],
          "passes": [
            "64c274bd-4170-490f-889c-ffd26549632c",
            "c292517a-f4d2-4b79-9c11-ee2c83b8e2dc",
            "c03c50ab-43df-4465-b22e-16416a7aa0d0",
            "86527f4c-a106-4c34-b682-6ad606ad0c0e",
            "e25ac23c-8b14-489c-a127-3ec59ec76955"
          ],
          "failures": [],
          "pending": [],
          "skipped": [],
          "duration": 3254,
          "root": false,
          "rootEmpty": false,
          "_timeout": 2000
        }
      ],
      "passes": [],
      "failures": [],
      "pending": [],
      "skipped": [],
      "duration": 0,
      "root": true,
      "rootEmpty": true,
      "_timeout": 2000
    }
  ],
  "meta": {
    "mocha": {
      "version": "7.0.1"
    },
    "mochawesome": {
      "options": {
        "quiet": false,
        "reportFilename": "[name]-report",
        "saveHtml": false,
        "saveJson": true,
        "consoleReporter": "spec",
        "useInlineDiffs": false,
        "code": true
      },
      "version": "7.1.3"
    },
    "marge": {
      "options": {
        "reportDir": "cypress/results",
        "overwrite": true,
        "html": false,
        "json": true,
        "video": false,
        "charts": true,
        "reportFilename": "[name]-report"
      },
      "version": "6.2.0"
    }
  }
}