{
  "stats": {
    "suites": 1,
    "tests": 19,
    "passes": 19,
    "pending": 0,
    "failures": 0,
    "start": "2022-06-22T20:52:49.618Z",
    "end": "2022-06-22T20:52:56.350Z",
    "duration": 6732,
    "testsRegistered": 19,
    "passPercent": 100,
    "pendingPercent": 0,
    "other": 0,
    "hasOther": false,
    "skipped": 0,
    "hasSkipped": false
  },
  "results": [
    {
      "uuid": "b3e708c6-1d03-40d1-8127-66d321fca64c",
      "title": "",
      "fullFile": "cypress/integration/airbnbSearch.spec.js",
      "file": "cypress/integration/airbnbSearch.spec.js",
      "beforeHooks": [],
      "afterHooks": [],
      "tests": [],
      "suites": [
        {
          "uuid": "f5c41543-5fa3-4643-ac5a-629be6682229",
          "title": "End-to-End test feature \"search\"",
          "fullFile": "",
          "file": "",
          "beforeHooks": [],
          "afterHooks": [],
          "tests": [
            {
              "title": "scenario I - validate portal was correctly opened",
              "fullTitle": "End-to-End test feature \"search\" scenario I - validate portal was correctly opened",
              "timedOut": null,
              "duration": 1956,
              "state": "passed",
              "speed": "fast",
              "pass": true,
              "fail": false,
              "pending": false,
              "context": null,
              "code": "cy.visit('http://35.192.209.229/');\ncy.get('.pl-5').type(\"London\");\ncy.log('First page');\ncy.get('.pt-6 > .text-4xl').should('have.text', 'Explore Nearby');",
              "err": {},
              "uuid": "37832bd2-d0ba-4a43-98f8-9f4f6996fdce",
              "parentUUID": "f5c41543-5fa3-4643-ac5a-629be6682229",
              "isHook": false,
              "skipped": false
            },
            {
              "title": "scenario II - apply filter",
              "fullTitle": "End-to-End test feature \"search\" scenario II - apply filter",
              "timedOut": null,
              "duration": 337,
              "state": "passed",
              "speed": "fast",
              "pass": true,
              "fail": false,
              "pending": false,
              "context": null,
              "code": "cy.get('.w-12').clear().type(\"0\");\ncy.get('.rdrStaticRangeSelected > .rdrStaticRangeLabel').should('have.text', 'Today');",
              "err": {},
              "uuid": "ce02ca23-08a8-4e58-8038-50db74764382",
              "parentUUID": "f5c41543-5fa3-4643-ac5a-629be6682229",
              "isHook": false,
              "skipped": false
            },
            {
              "title": "scenario III - Validate yesterday filter options",
              "fullTitle": "End-to-End test feature \"search\" scenario III - Validate yesterday filter options",
              "timedOut": null,
              "duration": 193,
              "state": "passed",
              "speed": "fast",
              "pass": true,
              "fail": false,
              "pending": false,
              "context": null,
              "code": "var d = new Date();\nvar date = d.getDate() - 1;\ncy.get(':nth-child(2) > .rdrStaticRangeLabel').should('have.text', 'Yesterday');\ncy.get(':nth-child(2) > .rdrStaticRangeLabel').click();\ncy.get('.rdrDayDisabled > .rdrStartEdge').parent('.rdrDayDisabled').should('have.text', date);",
              "err": {},
              "uuid": "8b6288a7-323d-4b42-8bd0-427e4881d212",
              "parentUUID": "f5c41543-5fa3-4643-ac5a-629be6682229",
              "isHook": false,
              "skipped": false
            },
            {
              "title": "scenario IV - Validate today filter options",
              "fullTitle": "End-to-End test feature \"search\" scenario IV - Validate today filter options",
              "timedOut": null,
              "duration": 169,
              "state": "passed",
              "speed": "fast",
              "pass": true,
              "fail": false,
              "pending": false,
              "context": null,
              "code": "var d = new Date();\nvar date = d.getDate();\ncy.get(':nth-child(1) > .rdrStaticRangeLabel').should('have.text', 'Today');\ncy.get(':nth-child(1) > .rdrStaticRangeLabel').click();\ncy.get('.rdrDayToday').should('have.text', date);",
              "err": {},
              "uuid": "890432ee-ceda-4851-b0e4-37113b93d3c4",
              "parentUUID": "f5c41543-5fa3-4643-ac5a-629be6682229",
              "isHook": false,
              "skipped": false
            },
            {
              "title": "scenario V - Validate last week filter options",
              "fullTitle": "End-to-End test feature \"search\" scenario V - Validate last week filter options",
              "timedOut": null,
              "duration": 183,
              "state": "passed",
              "speed": "fast",
              "pass": true,
              "fail": false,
              "pending": false,
              "context": null,
              "code": "var now = new Date();\nvar startOfWeek = new Date(now.getFullYear(), now.getMonth(), now.getDate() - now.getDay() - 7);\nvar endOfWeek = new Date(now.getFullYear(), now.getMonth(), startOfWeek.getDate() + 6);\ncy.get(':nth-child(4) > .rdrStaticRangeLabel').should('have.text', 'Last Week');\ncy.get(':nth-child(4) > .rdrStaticRangeLabel').click();\ncy.get('.rdrDayStartOfWeek > .rdrStartEdge').parent('.rdrDayDisabled').should('have.text', startOfWeek.getDate());\ncy.get('.rdrDayEndOfWeek > .rdrEndEdge').parent('.rdrDayDisabled').should('have.text', endOfWeek.getDate());",
              "err": {},
              "uuid": "8711fa30-fa30-4130-a405-4b14fe1b936a",
              "parentUUID": "f5c41543-5fa3-4643-ac5a-629be6682229",
              "isHook": false,
              "skipped": false
            },
            {
              "title": "scenario VI - Validate this week filter options",
              "fullTitle": "End-to-End test feature \"search\" scenario VI - Validate this week filter options",
              "timedOut": null,
              "duration": 181,
              "state": "passed",
              "speed": "fast",
              "pass": true,
              "fail": false,
              "pending": false,
              "context": null,
              "code": "var now = new Date();\nvar startOfWeek = new Date(now.getFullYear(), now.getMonth(), now.getDate() - now.getDay());\nvar endOfWeek = new Date(now.getFullYear(), now.getMonth(), startOfWeek.getDate() + 6);\ncy.get(':nth-child(3) > .rdrStaticRangeLabel').should('have.text', 'This Week');\ncy.get(':nth-child(3) > .rdrStaticRangeLabel').click();\ncy.get('.rdrDayStartOfWeek > .rdrStartEdge').parent('.rdrDayStartOfWeek').should('have.text', startOfWeek.getDate());\ncy.get('.rdrDayEndOfWeek > .rdrEndEdge').parent('.rdrDayEndOfWeek').should('have.text', endOfWeek.getDate());",
              "err": {},
              "uuid": "c3980775-8472-4799-a888-fece94cbab48",
              "parentUUID": "f5c41543-5fa3-4643-ac5a-629be6682229",
              "isHook": false,
              "skipped": false
            },
            {
              "title": "scenario VII - Validate this month filter options",
              "fullTitle": "End-to-End test feature \"search\" scenario VII - Validate this month filter options",
              "timedOut": null,
              "duration": 177,
              "state": "passed",
              "speed": "fast",
              "pass": true,
              "fail": false,
              "pending": false,
              "context": null,
              "code": "var now = new Date();\nvar startOfMonth = new Date(now.getFullYear(), now.getMonth(), '01');\nvar lastDayOfMonth = new Date(now.getFullYear(), now.getMonth() + 1, 0);\ncy.get(':nth-child(5) > .rdrStaticRangeLabel').should('have.text', 'This Month');\ncy.get(':nth-child(5) > .rdrStaticRangeLabel').click();\ncy.get('.rdrDayStartOfMonth > .rdrStartEdge').parent('.rdrDayStartOfMonth').should('have.text', startOfMonth.getDate());\ncy.get('.rdrDayEndOfMonth > .rdrEndEdge').parent('.rdrDayEndOfMonth').should('have.text', lastDayOfMonth.getDate());",
              "err": {},
              "uuid": "6ba7affd-e9d1-4c07-8750-2f35c7242b86",
              "parentUUID": "f5c41543-5fa3-4643-ac5a-629be6682229",
              "isHook": false,
              "skipped": false
            },
            {
              "title": "scenario VIII - Validate last month filter options",
              "fullTitle": "End-to-End test feature \"search\" scenario VIII - Validate last month filter options",
              "timedOut": null,
              "duration": 183,
              "state": "passed",
              "speed": "fast",
              "pass": true,
              "fail": false,
              "pending": false,
              "context": null,
              "code": "var now = new Date();\nvar startOfMonth = new Date(now.getFullYear(), now.getMonth() - 1, '01');\nvar lastDayOfMonth = new Date(now.getFullYear(), now.getMonth(), 0);\ncy.get(':nth-child(6) > .rdrStaticRangeLabel').should('have.text', 'Last Month');\ncy.get(':nth-child(6) > .rdrStaticRangeLabel').click();\ncy.get('.rdrDayStartOfMonth > .rdrStartEdge').parent('.rdrDayStartOfMonth').should('have.text', startOfMonth.getDate());\ncy.get('.rdrDayEndOfMonth > .rdrEndEdge').parent('.rdrDayEndOfMonth').should('have.text', lastDayOfMonth.getDate());",
              "err": {},
              "uuid": "ad003fea-0b10-4eee-9146-39a588caaa47",
              "parentUUID": "f5c41543-5fa3-4643-ac5a-629be6682229",
              "isHook": false,
              "skipped": false
            },
            {
              "title": "scenario IX - Validate days up today filter options",
              "fullTitle": "End-to-End test feature \"search\" scenario IX - Validate days up today filter options",
              "timedOut": null,
              "duration": 343,
              "state": "passed",
              "speed": "fast",
              "pass": true,
              "fail": false,
              "pending": false,
              "context": null,
              "code": "cy.get(':nth-child(1) > .rdrInputRangeInput').clear();\ncy.get(':nth-child(1) > .rdrInputRangeInput').type(9);\nvar now = new Date();\nvar lastDayOfMonth = new Date(now.getFullYear(), now.getMonth(), now.getDate() - 18);\ncy.get('.rdrDayToday').should('have.text', now.getDate());\ncy.get('.rdrDayDisabled > .rdrStartEdge').parent('.rdrDayDisabled').should('have.text', lastDayOfMonth.getDate());",
              "err": {},
              "uuid": "82fd6d42-c770-4b38-ad56-877bd293788d",
              "parentUUID": "f5c41543-5fa3-4643-ac5a-629be6682229",
              "isHook": false,
              "skipped": false
            },
            {
              "title": "scenario X - Validate days starting today filter options",
              "fullTitle": "End-to-End test feature \"search\" scenario X - Validate days starting today filter options",
              "timedOut": null,
              "duration": 332,
              "state": "passed",
              "speed": "fast",
              "pass": true,
              "fail": false,
              "pending": false,
              "context": null,
              "code": "cy.get(':nth-child(2) > .rdrInputRangeInput').clear();\ncy.get(':nth-child(2) > .rdrInputRangeInput').type(9);\nvar now = new Date();\ncy.get('.rdrDayToday').should('have.text', now.getDate());",
              "err": {},
              "uuid": "7f8ed04c-143c-4b2d-8163-2b48be49d8dc",
              "parentUUID": "f5c41543-5fa3-4643-ac5a-629be6682229",
              "isHook": false,
              "skipped": false
            },
            {
              "title": "scenario XI - Validate number of guests filter options",
              "fullTitle": "End-to-End test feature \"search\" scenario XI - Validate number of guests filter options",
              "timedOut": null,
              "duration": 367,
              "state": "passed",
              "speed": "fast",
              "pass": true,
              "fail": false,
              "pending": false,
              "context": null,
              "code": "cy.get(':nth-child(2) > .rdrInputRangeInput').clear();\ncy.get(':nth-child(2) > .rdrInputRangeInput').type(9);\ncy.get(':nth-child(2) > .rdrStaticRangeLabel');\ncy.get(':nth-child(2) > .rdrStaticRangeLabel').click();\ncy.get('.rdrDayDisabled > .rdrStartEdge').should('have.length', \"1\");",
              "err": {},
              "uuid": "66642bad-abd9-460b-9dd0-ac8b6e530ab4",
              "parentUUID": "f5c41543-5fa3-4643-ac5a-629be6682229",
              "isHook": false,
              "skipped": false
            },
            {
              "title": "scenario XII - button search shows list of houses to loan",
              "fullTitle": "End-to-End test feature \"search\" scenario XII - button search shows list of houses to loan",
              "timedOut": null,
              "duration": 1704,
              "state": "passed",
              "speed": "fast",
              "pass": true,
              "fail": false,
              "pending": false,
              "context": null,
              "code": "cy.get(':nth-child(3) > .text-red-400').click();\ncy.get('.text-3xl').should('have.text', 'Stays in London');",
              "err": {},
              "uuid": "9b6cb506-7f16-44ec-a2c5-906e3ac43fa9",
              "parentUUID": "f5c41543-5fa3-4643-ac5a-629be6682229",
              "isHook": false,
              "skipped": false
            },
            {
              "title": "scenario XIII - number of items displayed should be 7",
              "fullTitle": "End-to-End test feature \"search\" scenario XIII - number of items displayed should be 7",
              "timedOut": null,
              "duration": 103,
              "state": "passed",
              "speed": "fast",
              "pass": true,
              "fail": false,
              "pending": false,
              "context": null,
              "code": "cy.get('.py-7').should('have.length', 7);\ncy.get('.py-7 > .flex-col > .items-end > div > .text-lg').should('have.length', 7);\ncy.get('.py-7 > .relative > span > .rounded-2xl').should('have.attr', 'src');",
              "err": {},
              "uuid": "8e074efa-9153-4021-a728-68f90c265b63",
              "parentUUID": "f5c41543-5fa3-4643-ac5a-629be6682229",
              "isHook": false,
              "skipped": false
            },
            {
              "title": "scenario XIV - The context page should be London",
              "fullTitle": "End-to-End test feature \"search\" scenario XIV - The context page should be London",
              "timedOut": null,
              "duration": 145,
              "state": "passed",
              "speed": "fast",
              "pass": true,
              "fail": false,
              "pending": false,
              "context": null,
              "code": "cy.get('.text-3xl').should('contain.text', 'London');\ncy.get(':nth-child(1) > .py-7 > .flex-col > :nth-child(1) > p').should('have.length', 1);\ncy.location().should(function (location) {\n  expect(location.pathname).contains('/search');\n});\ncy.url().should('contain', '?location=London');",
              "err": {},
              "uuid": "e9b50998-b461-4b5c-80a3-0b71392596e4",
              "parentUUID": "f5c41543-5fa3-4643-ac5a-629be6682229",
              "isHook": false,
              "skipped": false
            },
            {
              "title": "scenario XV - Validate each one of house item",
              "fullTitle": "End-to-End test feature \"search\" scenario XV - Validate each one of house item",
              "timedOut": null,
              "duration": 53,
              "state": "passed",
              "speed": "fast",
              "pass": true,
              "fail": false,
              "pending": false,
              "context": null,
              "code": "",
              "err": {},
              "uuid": "300ce698-b633-4b9f-89fe-f45104d7e650",
              "parentUUID": "f5c41543-5fa3-4643-ac5a-629be6682229",
              "isHook": false,
              "skipped": false
            },
            {
              "title": "scenario XVI - Validate each one of house item",
              "fullTitle": "End-to-End test feature \"search\" scenario XVI - Validate each one of house item",
              "timedOut": null,
              "duration": 58,
              "state": "passed",
              "speed": "fast",
              "pass": true,
              "fail": false,
              "pending": false,
              "context": null,
              "code": "",
              "err": {},
              "uuid": "27fc0b66-4312-43b6-a5c8-4085b68fdacd",
              "parentUUID": "f5c41543-5fa3-4643-ac5a-629be6682229",
              "isHook": false,
              "skipped": false
            },
            {
              "title": "scenario XVII - Validate each one of house item",
              "fullTitle": "End-to-End test feature \"search\" scenario XVII - Validate each one of house item",
              "timedOut": null,
              "duration": 23,
              "state": "passed",
              "speed": "fast",
              "pass": true,
              "fail": false,
              "pending": false,
              "context": null,
              "code": "",
              "err": {},
              "uuid": "730cb764-e37b-474d-8ed8-ab2f40fbb816",
              "parentUUID": "f5c41543-5fa3-4643-ac5a-629be6682229",
              "isHook": false,
              "skipped": false
            },
            {
              "title": "scenario XVIII - Validate each one of house item",
              "fullTitle": "End-to-End test feature \"search\" scenario XVIII - Validate each one of house item",
              "timedOut": null,
              "duration": 24,
              "state": "passed",
              "speed": "fast",
              "pass": true,
              "fail": false,
              "pending": false,
              "context": null,
              "code": "",
              "err": {},
              "uuid": "556ccbe5-2f51-431d-ad64-6911b41ed4a0",
              "parentUUID": "f5c41543-5fa3-4643-ac5a-629be6682229",
              "isHook": false,
              "skipped": false
            },
            {
              "title": "scenario XIX - Validate each one of house item",
              "fullTitle": "End-to-End test feature \"search\" scenario XIX - Validate each one of house item",
              "timedOut": null,
              "duration": 25,
              "state": "passed",
              "speed": "fast",
              "pass": true,
              "fail": false,
              "pending": false,
              "context": null,
              "code": "",
              "err": {},
              "uuid": "cb54c1e3-bfb4-4716-9dd8-b1071754f9bb",
              "parentUUID": "f5c41543-5fa3-4643-ac5a-629be6682229",
              "isHook": false,
              "skipped": false
            }
          ],
          "suites": [],
          "passes": [
            "37832bd2-d0ba-4a43-98f8-9f4f6996fdce",
            "ce02ca23-08a8-4e58-8038-50db74764382",
            "8b6288a7-323d-4b42-8bd0-427e4881d212",
            "890432ee-ceda-4851-b0e4-37113b93d3c4",
            "8711fa30-fa30-4130-a405-4b14fe1b936a",
            "c3980775-8472-4799-a888-fece94cbab48",
            "6ba7affd-e9d1-4c07-8750-2f35c7242b86",
            "ad003fea-0b10-4eee-9146-39a588caaa47",
            "82fd6d42-c770-4b38-ad56-877bd293788d",
            "7f8ed04c-143c-4b2d-8163-2b48be49d8dc",
            "66642bad-abd9-460b-9dd0-ac8b6e530ab4",
            "9b6cb506-7f16-44ec-a2c5-906e3ac43fa9",
            "8e074efa-9153-4021-a728-68f90c265b63",
            "e9b50998-b461-4b5c-80a3-0b71392596e4",
            "300ce698-b633-4b9f-89fe-f45104d7e650",
            "27fc0b66-4312-43b6-a5c8-4085b68fdacd",
            "730cb764-e37b-474d-8ed8-ab2f40fbb816",
            "556ccbe5-2f51-431d-ad64-6911b41ed4a0",
            "cb54c1e3-bfb4-4716-9dd8-b1071754f9bb"
          ],
          "failures": [],
          "pending": [],
          "skipped": [],
          "duration": 6556,
          "root": false,
          "rootEmpty": false,
          "_timeout": 2000
        }
      ],
      "passes": [],
      "failures": [],
      "pending": [],
      "skipped": [],
      "duration": 0,
      "root": true,
      "rootEmpty": true,
      "_timeout": 2000
    }
  ],
  "meta": {
    "mocha": {
      "version": "7.0.1"
    },
    "mochawesome": {
      "options": {
        "quiet": false,
        "reportFilename": "[name]-report",
        "saveHtml": false,
        "saveJson": true,
        "consoleReporter": "spec",
        "useInlineDiffs": false,
        "code": true
      },
      "version": "7.1.3"
    },
    "marge": {
      "options": {
        "reportDir": "cypress/results",
        "overwrite": true,
        "html": false,
        "json": true,
        "video": false,
        "charts": true,
        "reportFilename": "[name]-report"
      },
      "version": "6.2.0"
    }
  }
}