{
  "stats": {
    "suites": 1,
    "tests": 5,
    "passes": 5,
    "pending": 0,
    "failures": 0,
    "start": "2022-06-21T20:00:15.314Z",
    "end": "2022-06-21T20:00:21.726Z",
    "duration": 6412,
    "testsRegistered": 5,
    "passPercent": 100,
    "pendingPercent": 0,
    "other": 0,
    "hasOther": false,
    "skipped": 0,
    "hasSkipped": false
  },
  "results": [
    {
      "uuid": "e2960125-ce08-4e59-83d9-52bb3c11622d",
      "title": "",
      "fullFile": "cypress/integration/airbnbExploreNearby.spec.js",
      "file": "cypress/integration/airbnbExploreNearby.spec.js",
      "beforeHooks": [],
      "afterHooks": [],
      "tests": [],
      "suites": [
        {
          "uuid": "8a2c3a20-4c92-4f85-a31a-bc970ac498fa",
          "title": "End-to-End test feature \"explore nearby\"",
          "fullFile": "",
          "file": "",
          "beforeHooks": [],
          "afterHooks": [],
          "tests": [
            {
              "title": "scenario I - open portal",
              "fullTitle": "End-to-End test feature \"explore nearby\" scenario I - open portal",
              "timedOut": null,
              "duration": 3710,
              "state": "passed",
              "speed": "fast",
              "pass": true,
              "fail": false,
              "pending": false,
              "context": null,
              "code": "cy.visit('http://35.192.209.229/');\ncy.get('.pt-6 > .text-4xl').should('have.text', 'Explore Nearby');",
              "err": {},
              "uuid": "892e5752-44e7-44f1-9630-83994d53ac79",
              "parentUUID": "8a2c3a20-4c92-4f85-a31a-bc970ac498fa",
              "isHook": false,
              "skipped": false
            },
            {
              "title": "scenario II - validate nearby list",
              "fullTitle": "End-to-End test feature \"explore nearby\" scenario II - validate nearby list",
              "timedOut": null,
              "duration": 514,
              "state": "passed",
              "speed": "fast",
              "pass": true,
              "fail": false,
              "pending": false,
              "context": null,
              "code": "cy.get('.pt-6 > .grid > :nth-child(1) > :nth-child(2) > h2').should('have.text', 'London');\ncy.get('.pt-6 > .grid > :nth-child(1)').click().as('londonBtn');",
              "err": {},
              "uuid": "008b7f90-d7be-4fa6-ac58-feb171103b2e",
              "parentUUID": "8a2c3a20-4c92-4f85-a31a-bc970ac498fa",
              "isHook": false,
              "skipped": false
            },
            {
              "title": "scenario III - validate if london is in URL",
              "fullTitle": "End-to-End test feature \"explore nearby\" scenario III - validate if london is in URL",
              "timedOut": null,
              "duration": 1044,
              "state": "passed",
              "speed": "fast",
              "pass": true,
              "fail": false,
              "pending": false,
              "context": null,
              "code": "cy.location().should(function (location) {\n  expect(location.pathname).contains('london');\n});",
              "err": {},
              "uuid": "e65b8e6b-2f46-4206-bac5-94899396a167",
              "parentUUID": "8a2c3a20-4c92-4f85-a31a-bc970ac498fa",
              "isHook": false,
              "skipped": false
            },
            {
              "title": "scenario IV - validate if list makes sense with filter applied previously",
              "fullTitle": "End-to-End test feature \"explore nearby\" scenario IV - validate if list makes sense with filter applied previously",
              "timedOut": null,
              "duration": 63,
              "state": "passed",
              "speed": "fast",
              "pass": true,
              "fail": false,
              "pending": false,
              "context": null,
              "code": "cy.get('.text-3xl').should('contain.text', 'London');\ncy.get('.pt-14 > :nth-child(4) > :nth-child(1)').should('contain.text', 'London');",
              "err": {},
              "uuid": "e3897c1f-4823-4a32-9447-5cbb5998725c",
              "parentUUID": "8a2c3a20-4c92-4f85-a31a-bc970ac498fa",
              "isHook": false,
              "skipped": false
            },
            {
              "title": "scenario V - for each item list should be located in london",
              "fullTitle": "End-to-End test feature \"explore nearby\" scenario V - for each item list should be located in london",
              "timedOut": null,
              "duration": 84,
              "state": "passed",
              "speed": "fast",
              "pass": true,
              "fail": false,
              "pending": false,
              "context": null,
              "code": "cy.get('.py-7 > .flex-col > :nth-child(1) > p').should('have.length', 7);",
              "err": {},
              "uuid": "f13ee42e-7da7-4d68-a466-2d97ad94bf9f",
              "parentUUID": "8a2c3a20-4c92-4f85-a31a-bc970ac498fa",
              "isHook": false,
              "skipped": false
            }
          ],
          "suites": [],
          "passes": [
            "892e5752-44e7-44f1-9630-83994d53ac79",
            "008b7f90-d7be-4fa6-ac58-feb171103b2e",
            "e65b8e6b-2f46-4206-bac5-94899396a167",
            "e3897c1f-4823-4a32-9447-5cbb5998725c",
            "f13ee42e-7da7-4d68-a466-2d97ad94bf9f"
          ],
          "failures": [],
          "pending": [],
          "skipped": [],
          "duration": 5415,
          "root": false,
          "rootEmpty": false,
          "_timeout": 2000
        }
      ],
      "passes": [],
      "failures": [],
      "pending": [],
      "skipped": [],
      "duration": 0,
      "root": true,
      "rootEmpty": true,
      "_timeout": 2000
    }
  ],
  "meta": {
    "mocha": {
      "version": "7.0.1"
    },
    "mochawesome": {
      "options": {
        "quiet": false,
        "reportFilename": "[name]-report",
        "saveHtml": false,
        "saveJson": true,
        "consoleReporter": "spec",
        "useInlineDiffs": false,
        "code": true
      },
      "version": "7.1.3"
    },
    "marge": {
      "options": {
        "reportDir": "cypress/results",
        "overwrite": true,
        "html": false,
        "json": true,
        "video": false,
        "charts": true,
        "reportFilename": "[name]-report"
      },
      "version": "6.2.0"
    }
  }
}