{
  "stats": {
    "suites": 1,
    "tests": 19,
    "passes": 19,
    "pending": 0,
    "failures": 0,
    "start": "2022-06-22T20:53:26.736Z",
    "end": "2022-06-22T20:54:47.457Z",
    "duration": 80721,
    "testsRegistered": 19,
    "passPercent": 100,
    "pendingPercent": 0,
    "other": 0,
    "hasOther": false,
    "skipped": 0,
    "hasSkipped": false
  },
  "results": [
    {
      "uuid": "9d447f47-f52e-4baa-90d9-9c0cc0c2799a",
      "title": "",
      "fullFile": "cypress/integration/becomeaHostPageWithIncorrectValues.feature",
      "file": "cypress/integration/becomeaHostPageWithIncorrectValues.feature",
      "beforeHooks": [],
      "afterHooks": [],
      "tests": [],
      "suites": [
        {
          "uuid": "71f85312-98d2-40cb-b5ed-752759d4a41e",
          "title": "Become a host webpage",
          "fullFile": "",
          "file": "",
          "beforeHooks": [],
          "afterHooks": [],
          "tests": [
            {
              "title": "Fill become a host webpage with incorrect values (example #1)",
              "fullTitle": "Become a host webpage Fill become a host webpage with incorrect values (example #1)",
              "timedOut": null,
              "duration": 5389,
              "state": "passed",
              "speed": "medium",
              "pass": true,
              "fail": false,
              "pending": false,
              "context": null,
              "code": "const state = window.testState;\nreturn cy\n  .then(() => state.onStartScenario(scenario, indexedSteps))\n  .then(() =>\n    resolveAndRunBeforeHooks.call(this, scenario.tags, state.feature.name)\n  )\n  .then(() =>\n    indexedSteps.forEach((step) =>\n      stepTest.call(this, state, step, rowData)\n    )\n  )\n  .then(() => state.onFinishScenario(scenario));",
              "err": {},
              "uuid": "5964eafc-5190-4922-a79d-a74f09b5f367",
              "parentUUID": "71f85312-98d2-40cb-b5ed-752759d4a41e",
              "isHook": false,
              "skipped": false
            },
            {
              "title": "Fill become a host webpage with incorrect values (example #2)",
              "fullTitle": "Become a host webpage Fill become a host webpage with incorrect values (example #2)",
              "timedOut": null,
              "duration": 4477,
              "state": "passed",
              "speed": "fast",
              "pass": true,
              "fail": false,
              "pending": false,
              "context": null,
              "code": "const state = window.testState;\nreturn cy\n  .then(() => state.onStartScenario(scenario, indexedSteps))\n  .then(() =>\n    resolveAndRunBeforeHooks.call(this, scenario.tags, state.feature.name)\n  )\n  .then(() =>\n    indexedSteps.forEach((step) =>\n      stepTest.call(this, state, step, rowData)\n    )\n  )\n  .then(() => state.onFinishScenario(scenario));",
              "err": {},
              "uuid": "64e6e4cc-8ef9-4e8d-8c33-0a1043e339aa",
              "parentUUID": "71f85312-98d2-40cb-b5ed-752759d4a41e",
              "isHook": false,
              "skipped": false
            },
            {
              "title": "Fill become a host webpage with incorrect values (example #3)",
              "fullTitle": "Become a host webpage Fill become a host webpage with incorrect values (example #3)",
              "timedOut": null,
              "duration": 4474,
              "state": "passed",
              "speed": "fast",
              "pass": true,
              "fail": false,
              "pending": false,
              "context": null,
              "code": "const state = window.testState;\nreturn cy\n  .then(() => state.onStartScenario(scenario, indexedSteps))\n  .then(() =>\n    resolveAndRunBeforeHooks.call(this, scenario.tags, state.feature.name)\n  )\n  .then(() =>\n    indexedSteps.forEach((step) =>\n      stepTest.call(this, state, step, rowData)\n    )\n  )\n  .then(() => state.onFinishScenario(scenario));",
              "err": {},
              "uuid": "bbfb7273-4abd-427b-977f-ea2e8494734f",
              "parentUUID": "71f85312-98d2-40cb-b5ed-752759d4a41e",
              "isHook": false,
              "skipped": false
            },
            {
              "title": "Fill become a host webpage with incorrect values (example #4)",
              "fullTitle": "Become a host webpage Fill become a host webpage with incorrect values (example #4)",
              "timedOut": null,
              "duration": 4991,
              "state": "passed",
              "speed": "fast",
              "pass": true,
              "fail": false,
              "pending": false,
              "context": null,
              "code": "const state = window.testState;\nreturn cy\n  .then(() => state.onStartScenario(scenario, indexedSteps))\n  .then(() =>\n    resolveAndRunBeforeHooks.call(this, scenario.tags, state.feature.name)\n  )\n  .then(() =>\n    indexedSteps.forEach((step) =>\n      stepTest.call(this, state, step, rowData)\n    )\n  )\n  .then(() => state.onFinishScenario(scenario));",
              "err": {},
              "uuid": "523d35d2-ce11-4578-99a4-fabd8df12e4f",
              "parentUUID": "71f85312-98d2-40cb-b5ed-752759d4a41e",
              "isHook": false,
              "skipped": false
            },
            {
              "title": "Fill become a host webpage with incorrect values (example #5)",
              "fullTitle": "Become a host webpage Fill become a host webpage with incorrect values (example #5)",
              "timedOut": null,
              "duration": 4460,
              "state": "passed",
              "speed": "fast",
              "pass": true,
              "fail": false,
              "pending": false,
              "context": null,
              "code": "const state = window.testState;\nreturn cy\n  .then(() => state.onStartScenario(scenario, indexedSteps))\n  .then(() =>\n    resolveAndRunBeforeHooks.call(this, scenario.tags, state.feature.name)\n  )\n  .then(() =>\n    indexedSteps.forEach((step) =>\n      stepTest.call(this, state, step, rowData)\n    )\n  )\n  .then(() => state.onFinishScenario(scenario));",
              "err": {},
              "uuid": "1b1bab38-a05b-438a-b46c-8104ef756652",
              "parentUUID": "71f85312-98d2-40cb-b5ed-752759d4a41e",
              "isHook": false,
              "skipped": false
            },
            {
              "title": "Fill become a host webpage with incorrect values (example #6)",
              "fullTitle": "Become a host webpage Fill become a host webpage with incorrect values (example #6)",
              "timedOut": null,
              "duration": 4114,
              "state": "passed",
              "speed": "fast",
              "pass": true,
              "fail": false,
              "pending": false,
              "context": null,
              "code": "const state = window.testState;\nreturn cy\n  .then(() => state.onStartScenario(scenario, indexedSteps))\n  .then(() =>\n    resolveAndRunBeforeHooks.call(this, scenario.tags, state.feature.name)\n  )\n  .then(() =>\n    indexedSteps.forEach((step) =>\n      stepTest.call(this, state, step, rowData)\n    )\n  )\n  .then(() => state.onFinishScenario(scenario));",
              "err": {},
              "uuid": "a6a01832-c133-4c24-958b-0387417d3f40",
              "parentUUID": "71f85312-98d2-40cb-b5ed-752759d4a41e",
              "isHook": false,
              "skipped": false
            },
            {
              "title": "Fill become a host webpage with incorrect values (example #7)",
              "fullTitle": "Become a host webpage Fill become a host webpage with incorrect values (example #7)",
              "timedOut": null,
              "duration": 3914,
              "state": "passed",
              "speed": "fast",
              "pass": true,
              "fail": false,
              "pending": false,
              "context": null,
              "code": "const state = window.testState;\nreturn cy\n  .then(() => state.onStartScenario(scenario, indexedSteps))\n  .then(() =>\n    resolveAndRunBeforeHooks.call(this, scenario.tags, state.feature.name)\n  )\n  .then(() =>\n    indexedSteps.forEach((step) =>\n      stepTest.call(this, state, step, rowData)\n    )\n  )\n  .then(() => state.onFinishScenario(scenario));",
              "err": {},
              "uuid": "5c1a4d8b-ffd2-4e5e-b8f7-d8d8bcac8871",
              "parentUUID": "71f85312-98d2-40cb-b5ed-752759d4a41e",
              "isHook": false,
              "skipped": false
            },
            {
              "title": "Fill become a host webpage with incorrect values (example #8)",
              "fullTitle": "Become a host webpage Fill become a host webpage with incorrect values (example #8)",
              "timedOut": null,
              "duration": 4364,
              "state": "passed",
              "speed": "fast",
              "pass": true,
              "fail": false,
              "pending": false,
              "context": null,
              "code": "const state = window.testState;\nreturn cy\n  .then(() => state.onStartScenario(scenario, indexedSteps))\n  .then(() =>\n    resolveAndRunBeforeHooks.call(this, scenario.tags, state.feature.name)\n  )\n  .then(() =>\n    indexedSteps.forEach((step) =>\n      stepTest.call(this, state, step, rowData)\n    )\n  )\n  .then(() => state.onFinishScenario(scenario));",
              "err": {},
              "uuid": "608c3fcc-482a-48dd-ba40-33f55246787a",
              "parentUUID": "71f85312-98d2-40cb-b5ed-752759d4a41e",
              "isHook": false,
              "skipped": false
            },
            {
              "title": "Fill become a host webpage with incorrect values (example #9)",
              "fullTitle": "Become a host webpage Fill become a host webpage with incorrect values (example #9)",
              "timedOut": null,
              "duration": 4509,
              "state": "passed",
              "speed": "fast",
              "pass": true,
              "fail": false,
              "pending": false,
              "context": null,
              "code": "const state = window.testState;\nreturn cy\n  .then(() => state.onStartScenario(scenario, indexedSteps))\n  .then(() =>\n    resolveAndRunBeforeHooks.call(this, scenario.tags, state.feature.name)\n  )\n  .then(() =>\n    indexedSteps.forEach((step) =>\n      stepTest.call(this, state, step, rowData)\n    )\n  )\n  .then(() => state.onFinishScenario(scenario));",
              "err": {},
              "uuid": "da1118c2-c3b9-4c13-aadb-ccdffe6ca343",
              "parentUUID": "71f85312-98d2-40cb-b5ed-752759d4a41e",
              "isHook": false,
              "skipped": false
            },
            {
              "title": "Fill become a host webpage with incorrect values (example #10)",
              "fullTitle": "Become a host webpage Fill become a host webpage with incorrect values (example #10)",
              "timedOut": null,
              "duration": 4078,
              "state": "passed",
              "speed": "fast",
              "pass": true,
              "fail": false,
              "pending": false,
              "context": null,
              "code": "const state = window.testState;\nreturn cy\n  .then(() => state.onStartScenario(scenario, indexedSteps))\n  .then(() =>\n    resolveAndRunBeforeHooks.call(this, scenario.tags, state.feature.name)\n  )\n  .then(() =>\n    indexedSteps.forEach((step) =>\n      stepTest.call(this, state, step, rowData)\n    )\n  )\n  .then(() => state.onFinishScenario(scenario));",
              "err": {},
              "uuid": "7c02faaf-e73d-4a9f-aca7-09bc833dde51",
              "parentUUID": "71f85312-98d2-40cb-b5ed-752759d4a41e",
              "isHook": false,
              "skipped": false
            },
            {
              "title": "Fill become a host webpage with incorrect values (example #11)",
              "fullTitle": "Become a host webpage Fill become a host webpage with incorrect values (example #11)",
              "timedOut": null,
              "duration": 3431,
              "state": "passed",
              "speed": "fast",
              "pass": true,
              "fail": false,
              "pending": false,
              "context": null,
              "code": "const state = window.testState;\nreturn cy\n  .then(() => state.onStartScenario(scenario, indexedSteps))\n  .then(() =>\n    resolveAndRunBeforeHooks.call(this, scenario.tags, state.feature.name)\n  )\n  .then(() =>\n    indexedSteps.forEach((step) =>\n      stepTest.call(this, state, step, rowData)\n    )\n  )\n  .then(() => state.onFinishScenario(scenario));",
              "err": {},
              "uuid": "3d3b99e2-0996-405b-800f-2424787ba0f2",
              "parentUUID": "71f85312-98d2-40cb-b5ed-752759d4a41e",
              "isHook": false,
              "skipped": false
            },
            {
              "title": "Fill become a host webpage with incorrect values (example #12)",
              "fullTitle": "Become a host webpage Fill become a host webpage with incorrect values (example #12)",
              "timedOut": null,
              "duration": 3278,
              "state": "passed",
              "speed": "fast",
              "pass": true,
              "fail": false,
              "pending": false,
              "context": null,
              "code": "const state = window.testState;\nreturn cy\n  .then(() => state.onStartScenario(scenario, indexedSteps))\n  .then(() =>\n    resolveAndRunBeforeHooks.call(this, scenario.tags, state.feature.name)\n  )\n  .then(() =>\n    indexedSteps.forEach((step) =>\n      stepTest.call(this, state, step, rowData)\n    )\n  )\n  .then(() => state.onFinishScenario(scenario));",
              "err": {},
              "uuid": "02fd4258-824b-4b2c-b70e-241c06f38a70",
              "parentUUID": "71f85312-98d2-40cb-b5ed-752759d4a41e",
              "isHook": false,
              "skipped": false
            },
            {
              "title": "Fill become a host webpage with incorrect values (example #13)",
              "fullTitle": "Become a host webpage Fill become a host webpage with incorrect values (example #13)",
              "timedOut": null,
              "duration": 4196,
              "state": "passed",
              "speed": "fast",
              "pass": true,
              "fail": false,
              "pending": false,
              "context": null,
              "code": "const state = window.testState;\nreturn cy\n  .then(() => state.onStartScenario(scenario, indexedSteps))\n  .then(() =>\n    resolveAndRunBeforeHooks.call(this, scenario.tags, state.feature.name)\n  )\n  .then(() =>\n    indexedSteps.forEach((step) =>\n      stepTest.call(this, state, step, rowData)\n    )\n  )\n  .then(() => state.onFinishScenario(scenario));",
              "err": {},
              "uuid": "b8fca03a-8685-4a5f-97f6-d1d2e711611a",
              "parentUUID": "71f85312-98d2-40cb-b5ed-752759d4a41e",
              "isHook": false,
              "skipped": false
            },
            {
              "title": "Fill become a host webpage with incorrect values (example #14)",
              "fullTitle": "Become a host webpage Fill become a host webpage with incorrect values (example #14)",
              "timedOut": null,
              "duration": 4105,
              "state": "passed",
              "speed": "fast",
              "pass": true,
              "fail": false,
              "pending": false,
              "context": null,
              "code": "const state = window.testState;\nreturn cy\n  .then(() => state.onStartScenario(scenario, indexedSteps))\n  .then(() =>\n    resolveAndRunBeforeHooks.call(this, scenario.tags, state.feature.name)\n  )\n  .then(() =>\n    indexedSteps.forEach((step) =>\n      stepTest.call(this, state, step, rowData)\n    )\n  )\n  .then(() => state.onFinishScenario(scenario));",
              "err": {},
              "uuid": "408329cc-d958-4a61-96cb-5c1713622a4e",
              "parentUUID": "71f85312-98d2-40cb-b5ed-752759d4a41e",
              "isHook": false,
              "skipped": false
            },
            {
              "title": "Fill become a host webpage with incorrect values (example #15)",
              "fullTitle": "Become a host webpage Fill become a host webpage with incorrect values (example #15)",
              "timedOut": null,
              "duration": 4128,
              "state": "passed",
              "speed": "fast",
              "pass": true,
              "fail": false,
              "pending": false,
              "context": null,
              "code": "const state = window.testState;\nreturn cy\n  .then(() => state.onStartScenario(scenario, indexedSteps))\n  .then(() =>\n    resolveAndRunBeforeHooks.call(this, scenario.tags, state.feature.name)\n  )\n  .then(() =>\n    indexedSteps.forEach((step) =>\n      stepTest.call(this, state, step, rowData)\n    )\n  )\n  .then(() => state.onFinishScenario(scenario));",
              "err": {},
              "uuid": "00bca4ec-5b17-4662-b4ea-3a0c52132f16",
              "parentUUID": "71f85312-98d2-40cb-b5ed-752759d4a41e",
              "isHook": false,
              "skipped": false
            },
            {
              "title": "Fill become a host webpage with incorrect values (example #16)",
              "fullTitle": "Become a host webpage Fill become a host webpage with incorrect values (example #16)",
              "timedOut": null,
              "duration": 4142,
              "state": "passed",
              "speed": "fast",
              "pass": true,
              "fail": false,
              "pending": false,
              "context": null,
              "code": "const state = window.testState;\nreturn cy\n  .then(() => state.onStartScenario(scenario, indexedSteps))\n  .then(() =>\n    resolveAndRunBeforeHooks.call(this, scenario.tags, state.feature.name)\n  )\n  .then(() =>\n    indexedSteps.forEach((step) =>\n      stepTest.call(this, state, step, rowData)\n    )\n  )\n  .then(() => state.onFinishScenario(scenario));",
              "err": {},
              "uuid": "bea17a42-e1c2-450b-a976-01253b967ccc",
              "parentUUID": "71f85312-98d2-40cb-b5ed-752759d4a41e",
              "isHook": false,
              "skipped": false
            },
            {
              "title": "Fill become a host webpage with incorrect values (example #17)",
              "fullTitle": "Become a host webpage Fill become a host webpage with incorrect values (example #17)",
              "timedOut": null,
              "duration": 4195,
              "state": "passed",
              "speed": "fast",
              "pass": true,
              "fail": false,
              "pending": false,
              "context": null,
              "code": "const state = window.testState;\nreturn cy\n  .then(() => state.onStartScenario(scenario, indexedSteps))\n  .then(() =>\n    resolveAndRunBeforeHooks.call(this, scenario.tags, state.feature.name)\n  )\n  .then(() =>\n    indexedSteps.forEach((step) =>\n      stepTest.call(this, state, step, rowData)\n    )\n  )\n  .then(() => state.onFinishScenario(scenario));",
              "err": {},
              "uuid": "9b224e86-e04b-4ec4-9537-046ed384ac77",
              "parentUUID": "71f85312-98d2-40cb-b5ed-752759d4a41e",
              "isHook": false,
              "skipped": false
            },
            {
              "title": "Fill become a host webpage with incorrect values (example #18)",
              "fullTitle": "Become a host webpage Fill become a host webpage with incorrect values (example #18)",
              "timedOut": null,
              "duration": 4109,
              "state": "passed",
              "speed": "fast",
              "pass": true,
              "fail": false,
              "pending": false,
              "context": null,
              "code": "const state = window.testState;\nreturn cy\n  .then(() => state.onStartScenario(scenario, indexedSteps))\n  .then(() =>\n    resolveAndRunBeforeHooks.call(this, scenario.tags, state.feature.name)\n  )\n  .then(() =>\n    indexedSteps.forEach((step) =>\n      stepTest.call(this, state, step, rowData)\n    )\n  )\n  .then(() => state.onFinishScenario(scenario));",
              "err": {},
              "uuid": "6db0a25c-d74e-43d9-8844-f2a47067919f",
              "parentUUID": "71f85312-98d2-40cb-b5ed-752759d4a41e",
              "isHook": false,
              "skipped": false
            },
            {
              "title": "Fill become a host webpage with incorrect values (example #19)",
              "fullTitle": "Become a host webpage Fill become a host webpage with incorrect values (example #19)",
              "timedOut": null,
              "duration": 4059,
              "state": "passed",
              "speed": "fast",
              "pass": true,
              "fail": false,
              "pending": false,
              "context": null,
              "code": "const state = window.testState;\nreturn cy\n  .then(() => state.onStartScenario(scenario, indexedSteps))\n  .then(() =>\n    resolveAndRunBeforeHooks.call(this, scenario.tags, state.feature.name)\n  )\n  .then(() =>\n    indexedSteps.forEach((step) =>\n      stepTest.call(this, state, step, rowData)\n    )\n  )\n  .then(() => state.onFinishScenario(scenario));",
              "err": {},
              "uuid": "661c4d1f-d0b9-4250-8c2e-f1a83255478e",
              "parentUUID": "71f85312-98d2-40cb-b5ed-752759d4a41e",
              "isHook": false,
              "skipped": false
            }
          ],
          "suites": [],
          "passes": [
            "5964eafc-5190-4922-a79d-a74f09b5f367",
            "64e6e4cc-8ef9-4e8d-8c33-0a1043e339aa",
            "bbfb7273-4abd-427b-977f-ea2e8494734f",
            "523d35d2-ce11-4578-99a4-fabd8df12e4f",
            "1b1bab38-a05b-438a-b46c-8104ef756652",
            "a6a01832-c133-4c24-958b-0387417d3f40",
            "5c1a4d8b-ffd2-4e5e-b8f7-d8d8bcac8871",
            "608c3fcc-482a-48dd-ba40-33f55246787a",
            "da1118c2-c3b9-4c13-aadb-ccdffe6ca343",
            "7c02faaf-e73d-4a9f-aca7-09bc833dde51",
            "3d3b99e2-0996-405b-800f-2424787ba0f2",
            "02fd4258-824b-4b2c-b70e-241c06f38a70",
            "b8fca03a-8685-4a5f-97f6-d1d2e711611a",
            "408329cc-d958-4a61-96cb-5c1713622a4e",
            "00bca4ec-5b17-4662-b4ea-3a0c52132f16",
            "bea17a42-e1c2-450b-a976-01253b967ccc",
            "9b224e86-e04b-4ec4-9537-046ed384ac77",
            "6db0a25c-d74e-43d9-8844-f2a47067919f",
            "661c4d1f-d0b9-4250-8c2e-f1a83255478e"
          ],
          "failures": [],
          "pending": [],
          "skipped": [],
          "duration": 80413,
          "root": false,
          "rootEmpty": false,
          "_timeout": 2000
        }
      ],
      "passes": [],
      "failures": [],
      "pending": [],
      "skipped": [],
      "duration": 0,
      "root": true,
      "rootEmpty": true,
      "_timeout": 2000
    }
  ],
  "meta": {
    "mocha": {
      "version": "7.0.1"
    },
    "mochawesome": {
      "options": {
        "quiet": false,
        "reportFilename": "[name]-report",
        "saveHtml": false,
        "saveJson": true,
        "consoleReporter": "spec",
        "useInlineDiffs": false,
        "code": true
      },
      "version": "7.1.3"
    },
    "marge": {
      "options": {
        "reportDir": "cypress/results",
        "overwrite": true,
        "html": false,
        "json": true,
        "video": false,
        "charts": true,
        "reportFilename": "[name]-report"
      },
      "version": "6.2.0"
    }
  }
}